<?xml version="1.0" encoding="UTF-8"?>
<!-- Generated by org.testng.reporters.JUnitReportReporter -->
<testsuite hostname="DESKTOP-2BBRFIV" failures="0" tests="1" name="DemoWebShop.welcomeTcTest" time="2.883" errors="0" timestamp="2022-08-24T19:46:35 IST" skipped="0">
  <testcase classname="DemoWebShop.welcomeTcTest" name="TestCases" time="2.883"/>
  <system-out/>
</testsuite> <!-- DemoWebShop.welcomeTcTest -->
